<?xml version="1.0" encoding="UTF-8"?>
<!-- Generated by org.testng.reporters.JUnitXMLReporter -->
<testsuite ignored="0" hostname="C_Name" failures="0" tests="3" name="Test-1" time="365.965" errors="0" timestamp="2024-05-04T12:21:01 IST">
  <testcase classname="com.comcat.crm.orgtest.CreateOrganizationTestAll" name="createOrganiTest" time="88.093"/>
  <testcase classname="com.comcat.crm.orgtest.CreateOrganizationTestAll" name="createOrganizationWithIndustriesTest2" time="59.412"/>
  <testcase classname="com.comcat.crm.orgtest.CreateOrganizationTestAll" name="createOrgWithPhoneNumberTest" time="47.603"/>
</testsuite> <!-- Test-1 -->
