<?xml version="1.0" encoding="UTF-8"?>
<!-- Generated by org.testng.reporters.JUnitXMLReporter -->
<testsuite ignored="0" hostname="C_Name" failures="0" tests="3" name="Test-2" time="362.344" errors="0" timestamp="2024-05-04T12:20:57 IST">
  <testcase classname="com.comcat.crm.orgtest.CreateOrganizationTestAll" name="createOrganiTest" time="86.555"/>
  <testcase classname="com.comcat.crm.orgtest.CreateOrganizationTestAll" name="createOrganizationWithIndustriesTest2" time="57.559"/>
  <testcase classname="com.comcat.crm.orgtest.CreateOrganizationTestAll" name="createOrgWithPhoneNumberTest" time="47.76"/>
</testsuite> <!-- Test-2 -->
