<?xml version="1.0" encoding="UTF-8"?>
<!-- Generated by org.testng.reporters.JUnitReportReporter -->
<testsuite hostname="C_Name" failures="0" tests="3" name="com.comcat.crm.orgtest.CreateOrganizationTest" time="207.962" errors="0" timestamp="2024-05-03T12:29:20 IST" skipped="0">
  <testcase classname="com.comcat.crm.orgtest.CreateOrganizationTest" name="createOrganiTest" time="86.189"/>
  <testcase classname="com.comcat.crm.orgtest.CreateOrganizationTest" name="createOrganizationWithIndustriesTest2" time="69.068"/>
  <testcase classname="com.comcat.crm.orgtest.CreateOrganizationTest" name="createOrgWithPhoneNumberTest" time="52.705"/>
</testsuite> <!-- com.comcat.crm.orgtest.CreateOrganizationTest -->
