<?xml version="1.0" encoding="UTF-8"?>
<!-- Generated by org.testng.reporters.JUnitReportReporter -->
<testsuite hostname="C_Name" failures="0" tests="3" name="com.comcat.crm.contacttest.CreateContactTestAll" time="198.816" errors="0" timestamp="2024-05-15T18:31:54 IST" skipped="0">
  <testcase classname="com.comcat.crm.contacttest.CreateContactTestAll" name="CreateContactWithSupportDateTest" time="85.508"/>
  <testcase classname="com.comcat.crm.contacttest.CreateContactTestAll" name="creatContactWithOrgTest" time="54.661"/>
  <testcase classname="com.comcat.crm.contacttest.CreateContactTestAll" name="createContactTest" time="58.647"/>
</testsuite> <!-- com.comcat.crm.contacttest.CreateContactTestAll -->
