<?xml version="1.0" encoding="UTF-8"?>
<!-- Generated by org.testng.reporters.JUnitReportReporter -->
<testsuite hostname="C_Name" failures="0" tests="1" name="com.comcat.crm.contacttest.CreateContactTestAll" time="81.434" errors="0" timestamp="2024-05-16T10:48:39 IST" skipped="0">
  <testcase classname="com.comcat.crm.contacttest.CreateContactTestAll" name="creatContactWithOrgTest" time="81.434"/>
</testsuite> <!-- com.comcat.crm.contacttest.CreateContactTestAll -->
