<?xml version="1.0" encoding="UTF-8"?>
<!-- Generated by org.testng.reporters.JUnitReportReporter -->
<testsuite hostname="C_Name" failures="0" tests="2" name="com.comcat.crm.orgtest.CreateOrganizationTestGroup" time="126.396" errors="0" timestamp="2024-05-04T11:36:13 IST" skipped="0">
  <testcase classname="com.comcat.crm.orgtest.CreateOrganizationTestGroup" name="createOrganizationWithIndustriesTest2" time="68.880"/>
  <testcase classname="com.comcat.crm.orgtest.CreateOrganizationTestGroup" name="createOrgWithPhoneNumberTest" time="57.516"/>
</testsuite> <!-- com.comcat.crm.orgtest.CreateOrganizationTestGroup -->
