<?xml version="1.0" encoding="UTF-8"?>
<!-- Generated by org.testng.reporters.JUnitReportReporter -->
<testsuite hostname="C_Name" failures="0" tests="2" name="com.comcat.crm.contacttest.CreateContactTestGroup" time="117.898" errors="0" timestamp="2024-05-04T11:36:13 IST" skipped="0">
  <testcase classname="com.comcat.crm.contacttest.CreateContactTestGroup" name="creatContactWithOrgTest" time="62.952"/>
  <testcase classname="com.comcat.crm.contacttest.CreateContactTestGroup" name="CreateContactWithSupportDateTest" time="54.946"/>
</testsuite> <!-- com.comcat.crm.contacttest.CreateContactTestGroup -->
