<?xml version="1.0" encoding="UTF-8"?>
<!-- Generated by org.testng.reporters.JUnitReportReporter -->
<testsuite hostname="C_Name" failures="0" tests="1" name="com.comcat.crm.contacttest.CreateContactTest" time="119.782" errors="0" timestamp="2024-05-15T18:17:06 IST" skipped="0">
  <testcase classname="com.comcat.crm.contacttest.CreateContactTest" name="CreateContactTest" time="119.782"/>
</testsuite> <!-- com.comcat.crm.contacttest.CreateContactTest -->
