<?xml version="1.0" encoding="UTF-8"?>
<!-- Generated by org.testng.reporters.JUnitReportReporter -->
<testsuite hostname="C_Name" failures="0" tests="1" name="com.comcat.crm.contacttest.CreateContactWithOrgTest" time="72.299" errors="0" timestamp="2024-05-03T16:52:33 IST" skipped="0">
  <testcase classname="com.comcat.crm.contacttest.CreateContactWithOrgTest" name="creatContactWithOrgTest" time="72.299"/>
</testsuite> <!-- com.comcat.crm.contacttest.CreateContactWithOrgTest -->
